{"/home/kor/works/api-server-es7/src/routes/stockRoute.js": {"path":"/home/kor/works/api-server-es7/src/routes/stockRoute.js","statementMap":{"0":{"start":{"line":1,"column":16},"end":{"line":1,"column":34}},"1":{"start":{"line":3,"column":0},"end":{"line":18,"column":1}},"2":{"start":{"line":4,"column":17},"end":{"line":4,"column":33}},"3":{"start":{"line":6,"column":2},"end":{"line":15,"column":4}},"4":{"start":{"line":7,"column":15},"end":{"line":7,"column":28}},"5":{"start":{"line":9,"column":4},"end":{"line":14,"column":18}},"6":{"start":{"line":11,"column":8},"end":{"line":11,"column":24}},"7":{"start":{"line":12,"column":8},"end":{"line":12,"column":14}},"8":{"start":{"line":17,"column":2},"end":{"line":17,"column":15}}},"fnMap":{"0":{"name":"(anonymous_0)","decl":{"start":{"line":3,"column":17},"end":{"line":3,"column":18}},"loc":{"start":{"line":3,"column":31},"end":{"line":18,"column":1}},"line":3},"1":{"name":"(anonymous_1)","decl":{"start":{"line":6,"column":28},"end":{"line":6,"column":29}},"loc":{"start":{"line":6,"column":48},"end":{"line":15,"column":3}},"line":6},"2":{"name":"(anonymous_2)","decl":{"start":{"line":10,"column":12},"end":{"line":10,"column":13}},"loc":{"start":{"line":10,"column":22},"end":{"line":13,"column":7}},"line":10}},"branchMap":{},"s":{"0":1,"1":1,"2":1,"3":1,"4":2,"5":2,"6":2,"7":2,"8":1},"f":{"0":1,"1":2,"2":2},"b":{},"_coverageSchema":"332fd63041d2c1bcb487cc26dd0d5f7d97098a6c","hash":"e599d3ed1d4845ac99b1f7f0dc5d86e968d0c17b"}
,"/home/kor/works/api-server-es7/src/services/parserService.js": {"path":"/home/kor/works/api-server-es7/src/services/parserService.js","statementMap":{"0":{"start":{"line":1,"column":16},"end":{"line":1,"column":34}},"1":{"start":{"line":3,"column":0},"end":{"line":38,"column":1}},"2":{"start":{"line":4,"column":2},"end":{"line":37,"column":3}},"3":{"start":{"line":6,"column":16},"end":{"line":6,"column":37}},"4":{"start":{"line":7,"column":25},"end":{"line":7,"column":68}},"5":{"start":{"line":8,"column":20},"end":{"line":8,"column":67}},"6":{"start":{"line":9,"column":22},"end":{"line":9,"column":24}},"7":{"start":{"line":12,"column":6},"end":{"line":23,"column":7}},"8":{"start":{"line":13,"column":23},"end":{"line":13,"column":50}},"9":{"start":{"line":14,"column":8},"end":{"line":22,"column":10}},"10":{"start":{"line":25,"column":6},"end":{"line":25,"column":20}},"11":{"start":{"line":28,"column":6},"end":{"line":35,"column":15}}},"fnMap":{"0":{"name":"(anonymous_0)","decl":{"start":{"line":3,"column":17},"end":{"line":3,"column":18}},"loc":{"start":{"line":3,"column":23},"end":{"line":38,"column":1}},"line":3}},"branchMap":{},"s":{"0":1,"1":1,"2":2,"3":1,"4":1,"5":1,"6":1,"7":1,"8":1,"9":1,"10":1,"11":4},"f":{"0":2},"b":{},"_coverageSchema":"332fd63041d2c1bcb487cc26dd0d5f7d97098a6c","hash":"29197e7c9d32f6839ddb244ce4721102e71fe438"}
,"/home/kor/works/api-server-es7/src/services/stockService.js": {"path":"/home/kor/works/api-server-es7/src/services/stockService.js","statementMap":{"0":{"start":{"line":1,"column":0},"end":{"line":22,"column":1}},"1":{"start":{"line":2,"column":2},"end":{"line":21,"column":3}},"2":{"start":{"line":4,"column":21},"end":{"line":4,"column":54}},"3":{"start":{"line":6,"column":6},"end":{"line":6,"column":60}},"4":{"start":{"line":6,"column":29},"end":{"line":6,"column":60}},"5":{"start":{"line":8,"column":6},"end":{"line":11,"column":7}},"6":{"start":{"line":14,"column":6},"end":{"line":19,"column":21}}},"fnMap":{"0":{"name":"(anonymous_0)","decl":{"start":{"line":1,"column":17},"end":{"line":1,"column":18}},"loc":{"start":{"line":1,"column":43},"end":{"line":22,"column":1}},"line":1}},"branchMap":{"0":{"loc":{"start":{"line":6,"column":6},"end":{"line":6,"column":60}},"type":"if","locations":[{"start":{"line":6,"column":6},"end":{"line":6,"column":60}},{"start":{"line":6,"column":6},"end":{"line":6,"column":60}}],"line":6},"1":{"loc":{"start":{"line":13,"column":28},"end":{"line":13,"column":38}},"type":"default-arg","locations":[{"start":{"line":13,"column":36},"end":{"line":13,"column":38}}],"line":13}},"s":{"0":1,"1":2,"2":2,"3":2,"4":1,"5":1,"6":2},"f":{"0":2},"b":{"0":[1,1],"1":[2]},"_coverageSchema":"332fd63041d2c1bcb487cc26dd0d5f7d97098a6c","hash":"797da94a6a16dc6dd89c874b132459f0772b0d90"}
}
