TN:
SF:/home/kor/works/api-server-es7/src/routes/stockRoute.js
FN:3,(anonymous_0)
FN:6,(anonymous_1)
FN:10,(anonymous_2)
FNF:3
FNH:3
FNDA:1,(anonymous_0)
FNDA:2,(anonymous_1)
FNDA:2,(anonymous_2)
DA:1,1
DA:3,1
DA:4,1
DA:6,1
DA:7,2
DA:9,2
DA:11,2
DA:12,2
DA:17,1
LF:9
LH:9
BRF:0
BRH:0
end_of_record
TN:
SF:/home/kor/works/api-server-es7/src/services/stockService.js
FN:1,(anonymous_0)
FNF:1
FNH:1
FNDA:2,(anonymous_0)
DA:1,1
DA:2,2
DA:4,2
DA:6,2
DA:8,1
DA:14,2
LF:6
LH:6
BRDA:6,0,0,1
BRDA:6,0,1,1
BRDA:13,1,0,2
BRF:3
BRH:3
end_of_record
