TN:
SF:/home/kor/works/api-server-es7/src/routes/stockRoute.js
FN:3,(anonymous_0)
FN:6,(anonymous_1)
FN:10,(anonymous_2)
FNF:3
FNH:3
FNDA:1,(anonymous_0)
FNDA:2,(anonymous_1)
FNDA:2,(anonymous_2)
DA:1,1
DA:3,1
DA:4,1
DA:6,1
DA:7,2
DA:9,2
DA:11,2
DA:12,1
DA:14,1
DA:16,2
DA:21,1
LF:11
LH:11
BRDA:11,0,0,1
BRDA:11,0,1,1
BRF:2
BRH:2
end_of_record
TN:
SF:/home/kor/works/api-server-es7/src/services/stockService.js
FN:1,(anonymous_0)
FNF:1
FNH:1
FNDA:1,(anonymous_0)
DA:1,1
DA:2,1
DA:4,1
LF:3
LH:3
BRDA:3,0,0,1
BRF:1
BRH:1
end_of_record
